0 info it worked if it ends with ok
1 verbose cli [ '/Users/mengxianxian/.nvm/versions/node/v6.0.0/bin/node',
1 verbose cli   '/Users/mengxianxian/.nvm/versions/node/v6.0.0/bin/npm',
1 verbose cli   'run',
1 verbose cli   'server' ]
2 info using npm@3.8.6
3 info using node@v6.0.0
4 verbose run-script [ 'preserver', 'server', 'postserver' ]
5 info lifecycle koa-project1@0.1.0~preserver: koa-project1@0.1.0
6 silly lifecycle koa-project1@0.1.0~preserver: no script for preserver, continuing
7 info lifecycle koa-project1@0.1.0~server: koa-project1@0.1.0
8 verbose lifecycle koa-project1@0.1.0~server: unsafe-perm in lifecycle true
9 verbose lifecycle koa-project1@0.1.0~server: PATH: /Users/mengxianxian/.nvm/versions/node/v6.0.0/lib/node_modules/npm/bin/node-gyp-bin:/Users/mengxianxian/workspace/Test/Redux-koa/node_modules/.bin:/Users/mengxianxian/.nvm/versions/node/v6.0.0/bin:/Users/mengxianxian/.nvm/versions/node/v6.0.0/bin:/usr/local/bin:/usr/bin:/bin:/usr/sbin:/sbin
10 verbose lifecycle koa-project1@0.1.0~server: CWD: /Users/mengxianxian/workspace/Test/Redux-koa
11 silly lifecycle koa-project1@0.1.0~server: Args: [ '-c', 'PORT=6789 webpack-dev-server --open' ]
12 silly lifecycle koa-project1@0.1.0~server: Returned: code: 1  signal: null
13 info lifecycle koa-project1@0.1.0~server: Failed to exec server script
14 verbose stack Error: koa-project1@0.1.0 server: `PORT=6789 webpack-dev-server --open`
14 verbose stack Exit status 1
14 verbose stack     at EventEmitter.<anonymous> (/Users/mengxianxian/.nvm/versions/node/v6.0.0/lib/node_modules/npm/lib/utils/lifecycle.js:239:16)
14 verbose stack     at emitTwo (events.js:106:13)
14 verbose stack     at EventEmitter.emit (events.js:191:7)
14 verbose stack     at ChildProcess.<anonymous> (/Users/mengxianxian/.nvm/versions/node/v6.0.0/lib/node_modules/npm/lib/utils/spawn.js:24:14)
14 verbose stack     at emitTwo (events.js:106:13)
14 verbose stack     at ChildProcess.emit (events.js:191:7)
14 verbose stack     at maybeClose (internal/child_process.js:850:16)
14 verbose stack     at Process.ChildProcess._handle.onexit (internal/child_process.js:215:5)
15 verbose pkgid koa-project1@0.1.0
16 verbose cwd /Users/mengxianxian/workspace/Test/Redux-koa
17 error Darwin 16.7.0
18 error argv "/Users/mengxianxian/.nvm/versions/node/v6.0.0/bin/node" "/Users/mengxianxian/.nvm/versions/node/v6.0.0/bin/npm" "run" "server"
19 error node v6.0.0
20 error npm  v3.8.6
21 error code ELIFECYCLE
22 error koa-project1@0.1.0 server: `PORT=6789 webpack-dev-server --open`
22 error Exit status 1
23 error Failed at the koa-project1@0.1.0 server script 'PORT=6789 webpack-dev-server --open'.
23 error Make sure you have the latest version of node.js and npm installed.
23 error If you do, this is most likely a problem with the koa-project1 package,
23 error not with npm itself.
23 error Tell the author that this fails on your system:
23 error     PORT=6789 webpack-dev-server --open
23 error You can get information on how to open an issue for this project with:
23 error     npm bugs koa-project1
23 error Or if that isn't available, you can get their info via:
23 error     npm owner ls koa-project1
23 error There is likely additional logging output above.
24 verbose exit [ 1, true ]
